2023.06.08 18:34:26 INFO  Started: Metals version 0.11.12 in workspace '/home/jose/Documents/projects/Personal/nevec-db' for client Visual Studio Code 1.79.0.[0m
Jun 08, 2023 6:34:26 PM org.flywaydb.core.internal.license.VersionPrinter printVersionOnly
INFO: Flyway Community Edition 9.16.3 by Redgate
Jun 08, 2023 6:34:26 PM org.flywaydb.core.internal.license.VersionPrinter printVersion
INFO: See release notes here: https://rd.gt/416ObMi
Jun 08, 2023 6:34:26 PM org.flywaydb.core.internal.license.VersionPrinter printVersion
INFO: 
Jun 08, 2023 6:34:27 PM org.flywaydb.core.internal.database.base.BaseDatabaseType createDatabase
INFO: Database: jdbc:h2:file:/home/jose/Documents/projects/Personal/nevec-db/.metals/metals (H2 2.1)
Jun 08, 2023 6:34:27 PM org.flywaydb.core.internal.schemahistory.JdbcTableSchemaHistory allAppliedMigrations
INFO: Schema history table "PUBLIC"."flyway_schema_history" does not exist yet
Jun 08, 2023 6:34:27 PM org.flywaydb.core.internal.command.DbValidate validate
INFO: Successfully validated 4 migrations (execution time 00:00.038s)
Jun 08, 2023 6:34:27 PM org.flywaydb.core.internal.schemahistory.JdbcTableSchemaHistory create
INFO: Creating Schema History table "PUBLIC"."flyway_schema_history" ...
Jun 08, 2023 6:34:27 PM org.flywaydb.core.internal.command.DbMigrate migrateGroup
INFO: Current version of schema "PUBLIC": << Empty Schema >>
Jun 08, 2023 6:34:27 PM org.flywaydb.core.internal.command.DbMigrate doMigrateGroup
INFO: Migrating schema "PUBLIC" to version "1 - Create tables"
Jun 08, 2023 6:34:27 PM org.flywaydb.core.internal.command.DbMigrate doMigrateGroup
INFO: Migrating schema "PUBLIC" to version "2 - Server discovery"
Jun 08, 2023 6:34:27 PM org.flywaydb.core.internal.command.DbMigrate doMigrateGroup
INFO: Migrating schema "PUBLIC" to version "3 - Jar symbols"
Jun 08, 2023 6:34:27 PM org.flywaydb.core.internal.command.DbMigrate doMigrateGroup
INFO: Migrating schema "PUBLIC" to version "4 - Fingerprints"
Jun 08, 2023 6:34:27 PM org.flywaydb.core.internal.command.DbMigrate logSummary
INFO: Successfully applied 4 migrations to schema "PUBLIC", now at version v4 (execution time 00:00.152s)
2023.06.08 18:34:27 INFO  time: initialize in 1.34s[0m
2023.06.08 18:34:31 WARN  Build server is not auto-connectable.[0m
2023.06.08 18:34:52 WARN  no build target for: /home/jose/Documents/projects/Personal/nevec-db/src/main/scala/example/Hello.scala[0m
2023.06.08 18:34:57 INFO  no build target found for /home/jose/Documents/projects/Personal/nevec-db/src/main/scala/example/Hello.scala. Using presentation compiler with project's scala-library version: 3.2.2[0m
2023.06.08 18:35:00 INFO  time: code lens generation in 6.57s[0m
2023.06.08 18:35:46 WARN  no build target for: /home/jose/Documents/projects/Personal/nevec-db/src/main/scala/nevec/Hello.scala[0m
2023.06.08 18:35:50 WARN  no build target for: /home/jose/Documents/projects/Personal/nevec-db/src/main/scala/nevec/Hello.scala[0m
2023.06.08 18:36:14 WARN  no build target for: /home/jose/Documents/projects/Personal/nevec-db/src/main/scala/nevec/Hello.scala[0m
2023.06.08 18:36:17 WARN  no build target for: /home/jose/Documents/projects/Personal/nevec-db/src/main/scala/nevec/Hello.scala[0m
2023.06.08 18:51:59 WARN  no build target for: /home/jose/Documents/projects/Personal/nevec-db/src/main/scala/nevec/Main.scala[0m
2023.06.08 18:54:12 WARN  no build target for: /home/jose/Documents/projects/Personal/nevec-db/src/main/scala/core/NevecDB.scala[0m
2023.06.08 18:54:48 WARN  no build target for: /home/jose/Documents/projects/Personal/nevec-db/src/main/scala/nevec/Main.scala[0m
2023.06.08 18:56:24 WARN  no build target for: /home/jose/Documents/projects/Personal/nevec-db/src/main/scala/core/NevecDB.scala[0m
2023.06.08 18:56:28 WARN  Using indexes to guess the definition of NevecDB[0m
2023.06.08 18:56:28 WARN  Using indexes to guess the definition of NevecDB[0m
2023.06.08 19:00:08 WARN  no build target for: /home/jose/Documents/projects/Personal/nevec-db/src/main/scala/core/NevecDB.scala[0m
2023.06.08 19:00:12 WARN  no build target for: /home/jose/Documents/projects/Personal/nevec-db/src/main/scala/core/NevecDB.scala[0m
2023.06.08 19:01:40 WARN  no build target for: /home/jose/Documents/projects/Personal/nevec-db/src/main/scala/core/NevecDB.scala[0m
2023.06.08 19:05:05 WARN  no build target for: /home/jose/Documents/projects/Personal/nevec-db/src/main/scala/core/NevecDB.scala[0m
2023.06.08 19:07:12 WARN  no build target for: /home/jose/Documents/projects/Personal/nevec-db/src/main/scala/core/NevecDB.scala[0m
2023.06.08 19:11:13 WARN  no build target for: /home/jose/Documents/projects/Personal/nevec-db/src/main/scala/core/NevecDB.scala[0m
2023.06.08 19:12:38 WARN  no build target for: /home/jose/Documents/projects/Personal/nevec-db/src/main/scala/core/NevecDB.scala[0m
2023.06.08 19:15:51 WARN  no build target for: /home/jose/Documents/projects/Personal/nevec-db/src/main/scala/core/NevecDB.scala[0m
2023.06.08 19:16:54 WARN  no build target for: /home/jose/Documents/projects/Personal/nevec-db/src/main/scala/core/NevecDB.scala[0m
2023.06.08 19:17:36 WARN  no build target for: /home/jose/Documents/projects/Personal/nevec-db/src/main/scala/core/NevecDB.scala[0m
2023.06.08 19:21:00 WARN  no build target for: /home/jose/Documents/projects/Personal/nevec-db/build.sbt[0m
2023.06.08 19:21:08 WARN  no build target for: /home/jose/Documents/projects/Personal/nevec-db/build.sbt[0m
2023.06.08 19:21:16 WARN  no build target for: /home/jose/Documents/projects/Personal/nevec-db/build.sbt[0m
2023.06.08 19:25:43 WARN  no build target for: /home/jose/Documents/projects/Personal/nevec-db/src/main/scala/nevec/Main.scala[0m
Jun 08, 2023 7:27:21 PM org.eclipse.lsp4j.jsonrpc.RemoteEndpoint handleCancellation
WARNING: Unmatched cancel notification for request id 1515
2023.06.08 19:27:34 WARN  no build target for: /home/jose/Documents/projects/Personal/nevec-db/src/main/scala/core/NevecDB.scala[0m
2023.06.08 19:27:40 WARN  no build target for: /home/jose/Documents/projects/Personal/nevec-db/src/main/scala/core/NevecDB.scala[0m
2023.06.08 19:32:39 WARN  no build target for: /home/jose/Documents/projects/Personal/nevec-db/src/main/scala/nevec/Main.scala[0m
2023.06.08 19:33:57 WARN  no build target for: /home/jose/Documents/projects/Personal/nevec-db/src/main/scala/nevec/Main.scala[0m
Jun 08, 2023 7:34:11 PM org.eclipse.lsp4j.jsonrpc.RemoteEndpoint handleCancellation
WARNING: Unmatched cancel notification for request id 1671
2023.06.08 19:34:16 WARN  no build target for: /home/jose/Documents/projects/Personal/nevec-db/src/main/scala/core/NevecDB.scala[0m
